# JRE version: OpenJDK Runtime Environment (11.0.11+9) (build 11.0.11+9-b60-7590822)
# Java VM: OpenJDK 64-Bit Server VM (11.0.11+9-b60-7590822, mixed mode, tiered, compressed oops, g1 gc, windows-amd64)
Heap:
 garbage-first heap   total 157696K, used 97576K [0x0000000080000000, 0x0000000100000000)
  region size 1024K, 45 young (46080K), 9 survivors (9216K)
 Metaspace       used 76272K, capacity 78083K, committed 78368K, reserved 1118208K
  class space    used 9898K, capacity 10572K, committed 10700K, reserved 1048576K
GC Heap History (20 events):
Event: 3.722 GC heap before
{Heap before GC invocations=4 (full 0):
 garbage-first heap   total 131072K, used 72586K [0x0000000080000000, 0x0000000100000000)
  region size 1024K, 56 young (57344K), 2 survivors (2048K)
 Metaspace       used 26192K, capacity 26771K, committed 27008K, reserved 1073152K
  class space    used 3429K, capacity 3618K, committed 3712K, reserved 1048576K
}
Event: 3.726 GC heap after
{Heap after GC invocations=5 (full 0):
 garbage-first heap   total 131072K, used 19156K [0x0000000080000000, 0x0000000100000000)
  region size 1024K, 3 young (3072K), 3 survivors (3072K)
 Metaspace       used 26192K, capacity 26771K, committed 27008K, reserved 1073152K
  class space    used 3429K, capacity 3618K, committed 3712K, reserved 1048576K
}
Event: 4.658 GC heap before
{Heap before GC invocations=5 (full 0):
 garbage-first heap   total 131072K, used 75476K [0x0000000080000000, 0x0000000100000000)
  region size 1024K, 59 young (60416K), 3 survivors (3072K)
 Metaspace       used 35075K, capacity 35849K, committed 36048K, reserved 1081344K
  class space    used 4563K, capacity 4863K, committed 4864K, reserved 1048576K
}
Event: 4.670 GC heap after
{Heap after GC invocations=6 (full 0):
 garbage-first heap   total 131072K, used 22705K [0x0000000080000000, 0x0000000100000000)
  region size 1024K, 7 young (7168K), 7 survivors (7168K)
 Metaspace       used 35075K, capacity 35849K, committed 36048K, reserved 1081344K
  class space    used 4563K, capacity 4863K, committed 4864K, reserved 1048576K
}
Event: 5.681 GC heap before
{Heap before GC invocations=7 (full 0):
 garbage-first heap   total 131072K, used 87217K [0x0000000080000000, 0x0000000100000000)
  region size 1024K, 68 young (69632K), 7 survivors (7168K)
 Metaspace       used 39563K, capacity 40505K, committed 40784K, reserved 1085440K
  class space    used 5065K, capacity 5428K, committed 5504K, reserved 1048576K
}
Event: 5.696 GC heap after
{Heap after GC invocations=8 (full 0):
 garbage-first heap   total 131072K, used 27792K [0x0000000080000000, 0x0000000100000000)
  region size 1024K, 9 young (9216K), 9 survivors (9216K)
 Metaspace       used 39563K, capacity 40505K, committed 40784K, reserved 1085440K
  class space    used 5065K, capacity 5428K, committed 5504K, reserved 1048576K
}
Event: 6.702 GC heap before
{Heap before GC invocations=8 (full 0):
 garbage-first heap   total 131072K, used 89232K [0x0000000080000000, 0x0000000100000000)
  region size 1024K, 69 young (70656K), 9 survivors (9216K)
 Metaspace       used 45122K, capacity 46133K, committed 46416K, reserved 1089536K
  class space    used 5793K, capacity 6165K, committed 6272K, reserved 1048576K
}
Event: 6.711 GC heap after
{Heap after GC invocations=9 (full 0):
 garbage-first heap   total 157696K, used 29911K [0x0000000080000000, 0x0000000100000000)
  region size 1024K, 3 young (3072K), 3 survivors (3072K)
 Metaspace       used 45122K, capacity 46133K, committed 46416K, reserved 1089536K
  class space    used 5793K, capacity 6165K, committed 6272K, reserved 1048576K
}
Event: 10.363 GC heap before
{Heap before GC invocations=9 (full 0):
 garbage-first heap   total 157696K, used 109783K [0x0000000080000000, 0x0000000100000000)
  region size 1024K, 77 young (78848K), 3 survivors (3072K)
 Metaspace       used 48400K, capacity 49554K, committed 49616K, reserved 1091584K
  class space    used 6175K, capacity 6618K, committed 6656K, reserved 1048576K
}
Event: 10.374 GC heap after
{Heap after GC invocations=10 (full 0):
 garbage-first heap   total 157696K, used 43787K [0x0000000080000000, 0x0000000100000000)
  region size 1024K, 10 young (10240K), 10 survivors (10240K)
 Metaspace       used 48400K, capacity 49554K, committed 49616K, reserved 1091584K
  class space    used 6175K, capacity 6618K, committed 6656K, reserved 1048576K
}
Event: 12.122 GC heap before
{Heap before GC invocations=10 (full 0):
 garbage-first heap   total 157696K, used 112395K [0x0000000080000000, 0x0000000100000000)
  region size 1024K, 77 young (78848K), 10 survivors (10240K)
 Metaspace       used 58058K, capacity 59471K, committed 59600K, reserved 1101824K
  class space    used 7302K, capacity 7837K, committed 7936K, reserved 1048576K
}
Event: 12.134 GC heap after
{Heap after GC invocations=11 (full 0):
 garbage-first heap   total 157696K, used 47290K [0x0000000080000000, 0x0000000100000000)
  region size 1024K, 4 young (4096K), 4 survivors (4096K)
 Metaspace       used 58058K, capacity 59471K, committed 59600K, reserved 1101824K
  class space    used 7302K, capacity 7837K, committed 7936K, reserved 1048576K
}
Event: 12.240 GC heap before
{Heap before GC invocations=11 (full 0):
 garbage-first heap   total 157696K, used 54458K [0x0000000080000000, 0x0000000100000000)
  region size 1024K, 12 young (12288K), 4 survivors (4096K)
 Metaspace       used 58715K, capacity 60099K, committed 60240K, reserved 1101824K
  class space    used 7416K, capacity 7983K, committed 8064K, reserved 1048576K
}
Event: 12.245 GC heap after
{Heap after GC invocations=12 (full 0):
 garbage-first heap   total 157696K, used 46988K [0x0000000080000000, 0x0000000100000000)
  region size 1024K, 3 young (3072K), 3 survivors (3072K)
 Metaspace       used 58715K, capacity 60099K, committed 60240K, reserved 1101824K
  class space    used 7416K, capacity 7983K, committed 8064K, reserved 1048576K
}
Event: 13.254 GC heap before
{Heap before GC invocations=13 (full 0):
 garbage-first heap   total 157696K, used 117644K [0x0000000080000000, 0x0000000100000000)
  region size 1024K, 72 young (73728K), 3 survivors (3072K)
 Metaspace       used 65753K, capacity 67225K, committed 67360K, reserved 1107968K
  class space    used 8304K, capacity 8852K, committed 8908K, reserved 1048576K
}
Event: 13.263 GC heap after
{Heap after GC invocations=14 (full 0):
 garbage-first heap   total 157696K, used 52335K [0x0000000080000000, 0x0000000100000000)
  region size 1024K, 9 young (9216K), 9 survivors (9216K)
 Metaspace       used 65753K, capacity 67225K, committed 67360K, reserved 1107968K
  class space    used 8304K, capacity 8852K, committed 8908K, reserved 1048576K
}
Event: 13.804 GC heap before
{Heap before GC invocations=15 (full 0):
 garbage-first heap   total 157696K, used 120943K [0x0000000080000000, 0x0000000100000000)
  region size 1024K, 76 young (77824K), 9 survivors (9216K)
 Metaspace       used 69760K, capacity 71423K, committed 71712K, reserved 1112064K
  class space    used 8966K, capacity 9548K, committed 9676K, reserved 1048576K
}
Event: 13.820 GC heap after
{Heap after GC invocations=16 (full 0):
 garbage-first heap   total 157696K, used 57353K [0x0000000080000000, 0x0000000100000000)
  region size 1024K, 6 young (6144K), 6 survivors (6144K)
 Metaspace       used 69760K, capacity 71423K, committed 71712K, reserved 1112064K
  class space    used 8966K, capacity 9548K, committed 9676K, reserved 1048576K
}
Event: 15.154 GC heap before
{Heap before GC invocations=16 (full 0):
 garbage-first heap   total 157696K, used 122889K [0x0000000080000000, 0x0000000100000000)
  region size 1024K, 70 young (71680K), 6 survivors (6144K)
 Metaspace       used 73158K, capacity 74857K, committed 75040K, reserved 1114112K
  class space    used 9461K, capacity 10083K, committed 10188K, reserved 1048576K
}
Event: 15.163 GC heap after
{Heap after GC invocations=17 (full 0):
 garbage-first heap   total 157696K, used 61736K [0x0000000080000000, 0x0000000100000000)
  region size 1024K, 9 young (9216K), 9 survivors (9216K)
 Metaspace       used 73158K, capacity 74857K, committed 75040K, reserved 1114112K
  class space    used 9461K, capacity 10083K, committed 10188K, reserved 1048576K
}

